<?xml version="1.0" encoding="UTF-8"?>
<!-- Generated by org.testng.reporters.JUnitReportReporter -->
<testsuite hostname="DESKTOP-VA3AMHQ" failures="0" tests="1" name="org.qaPractice.AutomationPractice03.InitialTest" time="17.186" errors="0" timestamp="2025-08-18T15:28:51 EEST" skipped="0">
  <testcase classname="org.qaPractice.AutomationPractice03.InitialTest" name="initialTest" time="17.186"/>
  <system-out/>
</testsuite> <!-- org.qaPractice.AutomationPractice03.InitialTest -->
