<?xml version="1.0" encoding="UTF-8"?>
<!-- Generated by org.testng.reporters.JUnitReportReporter -->
<testsuite hostname="DESKTOP-VA3AMHQ" failures="0" tests="1" name="manageUserAccount.Test_UserRegistration" time="14.992" errors="0" timestamp="2025-09-20T18:57:00 EEST" skipped="0">
  <testcase classname="manageUserAccount.Test_UserRegistration" name="testRegistrationSuccess" time="14.992"/>
  <system-out/>
</testsuite> <!-- manageUserAccount.Test_UserRegistration -->
