<?xml version="1.0" encoding="UTF-8"?>
<!-- Generated by org.testng.reporters.JUnitReportReporter -->
<testsuite hostname="DESKTOP-VA3AMHQ" failures="0" tests="1" name="org.qaPractice.AutomationPractice03.InitialTest" time="14.742" errors="0" timestamp="2025-08-16T13:30:23 EEST" skipped="0">
  <testcase classname="org.qaPractice.AutomationPractice03.InitialTest" name="initialTest" time="14.742"/>
  <system-out/>
</testsuite> <!-- org.qaPractice.AutomationPractice03.InitialTest -->
